<?xml version="1.0" encoding="UTF-8"?>
<!-- Generated by org.testng.reporters.JUnitXMLReporter -->
<testsuite hostname="Surya" name="Test" tests="4" failures="0" timestamp="18 Aug 2019 00:06:07 GMT" time="48.609" errors="0">
  <testcase name="basePageNavigation" time="12.5" classname="Academy.HomePage"/>
  <testcase name="basePageNavigation" time="12.383" classname="Academy.HomePage"/>
  <testcase name="basePageNavigation" time="0.045" classname="Academy.ValidateTitle"/>
  <testcase name="basePageNavigation" time="0.073" classname="Academy.validateNavigationBar"/>
</testsuite> <!-- Test -->
