<?xml version="1.0" encoding="UTF-8"?>
<!-- Generated by org.testng.reporters.JUnitXMLReporter -->
<testsuite hostname="Surya" name="Test" tests="4" failures="0" timestamp="18 Aug 2019 01:52:23 GMT" time="42.874" errors="0">
  <testcase name="basePageNavigation" time="8.915" classname="Academy.HomePage"/>
  <testcase name="basePageNavigation" time="5.134" classname="Academy.HomePage"/>
  <testcase name="basePageNavigation" time="0.049" classname="Academy.ValidateTitle"/>
  <testcase name="basePageNavigation" time="0.07" classname="Academy.validateNavigationBar"/>
</testsuite> <!-- Test -->
